<?xml version="1.0" encoding="UTF-8"?>
<testsuite name="com.flowdesk.task.TaskPropertyTest" tests="6" skipped="6" failures="0" errors="0" timestamp="2026-04-16T13:27:35" hostname="DESKTOP-V1DP9AA" time="0.024">
  <properties/>
  <testcase name="p8 crossTenantAssignmentRejected" classname="com.flowdesk.task.TaskPropertyTest" time="0.003">
    <skipped/>
  </testcase>
  <testcase name="p6 taskUpdateReflectedInRead" classname="com.flowdesk.task.TaskPropertyTest" time="0.001">
    <skipped/>
  </testcase>
  <testcase name="p7 crossTenantTaskAccessReturns404" classname="com.flowdesk.task.TaskPropertyTest" time="0.001">
    <skipped/>
  </testcase>
  <testcase name="p7 listProjectsOnlyReturnsTenantData" classname="com.flowdesk.task.TaskPropertyTest" time="0.0">
    <skipped/>
  </testcase>
  <testcase name="p5 projectCreationRoundTrip" classname="com.flowdesk.task.TaskPropertyTest" time="0.0">
    <skipped/>
  </testcase>
  <testcase name="p5 taskCreationRoundTrip" classname="com.flowdesk.task.TaskPropertyTest" time="0.0">
    <skipped/>
  </testcase>
  <system-out><![CDATA[]]></system-out>
  <system-err><![CDATA[]]></system-err>
</testsuite>
