<?xml version="1.0" encoding="UTF-8"?>
<testsuite name="com.flowdesk.core.config.ReadWriteRoutingIntegrationTest" tests="4" skipped="4" failures="0" errors="0" timestamp="2026-04-16T13:18:05" hostname="DESKTOP-V1DP9AA" time="0.008">
  <properties/>
  <testcase name="Read-only transaction routes to a replica data source" classname="com.flowdesk.core.config.ReadWriteRoutingIntegrationTest" time="0.001">
    <skipped/>
  </testcase>
  <testcase name="ReadWriteContext defaults to write (primary) when not set" classname="com.flowdesk.core.config.ReadWriteRoutingIntegrationTest" time="0.0">
    <skipped/>
  </testcase>
  <testcase name="Write transaction routes to primary data source" classname="com.flowdesk.core.config.ReadWriteRoutingIntegrationTest" time="0.0">
    <skipped/>
  </testcase>
  <testcase name="Round-robin distributes read-only requests across all three replicas" classname="com.flowdesk.core.config.ReadWriteRoutingIntegrationTest" time="0.0">
    <skipped/>
  </testcase>
  <system-out><![CDATA[]]></system-out>
  <system-err><![CDATA[]]></system-err>
</testsuite>
